#
# A fatal error has been detected by the Java Runtime Environment:
#
#  EXCEPTION_ACCESS_VIOLATION (0xc0000005) at pc=0x00007ffc9ebe2a8b, pid=12608, tid=11456
#
# JRE version: OpenJDK Runtime Environment (11.0.2+9) (build 11.0.2+9)
# Java VM: OpenJDK 64-Bit Server VM (11.0.2+9, mixed mode, tiered, compressed oops, g1 gc, windows-amd64)
# Problematic frame:
# V  [jvm.dll+0x692a8b]
#
# No core dump will be written. Minidumps are not enabled by default on client versions of Windows
#
# If you would like to submit a bug report, please visit:
#   http://bugreport.java.com/bugreport/crash.jsp
#

---------------  S U M M A R Y ------------

Command Line: -agentlib:jdwp=transport=dt_socket,suspend=y,address=localhost:56434 -Dcom.sun.management.jmxremote -Dcom.sun.management.jmxremote.port=56432 -Dcom.sun.management.jmxremote.authenticate=false -Dcom.sun.management.jmxremote.ssl=false -Djava.rmi.server.hostname=localhost -Dspring.application.admin.enabled=true -Xverify:none -XX:TieredStopAtLevel=1 -Dfile.encoding=UTF-8 kr.co.igns.IgnsApplication --spring.output.ansi.enabled=always

Host: 11th Gen Intel(R) Core(TM) i7-1165G7 @ 2.80GHz, 8 cores, 15G,  Windows 10 , 64 bit Build 19041 (10.0.19041.1151)
Time: Mon Sep 13 13:23:30 2021 대한민국 표준시 elapsed time: 834 seconds (0d 0h 13m 54s)

---------------  T H R E A D  ---------------

Current thread (0x0000018be7e01800):  JavaThread "http-nio-9000-exec-1" daemon [_thread_in_vm, id=11456, stack(0x00000033bb300000,0x00000033bb400000)]

Stack: [0x00000033bb300000,0x00000033bb400000],  sp=0x00000033bb3f68c0,  free space=986k
Native frames: (J=compiled Java code, j=interpreted, Vv=VM code, C=native code)
V  [jvm.dll+0x692a8b]
V  [jvm.dll+0x394f93]
V  [jvm.dll+0x530b49]
V  [jvm.dll+0x398936]
V  [jvm.dll+0x6c5615]
V  [jvm.dll+0x6c4f52]
V  [jvm.dll+0x426bf0]
C  0x0000018bc6165cd6

Java frames: (J=compiled Java code, j=interpreted, Vv=VM code)
j  java.lang.StackStreamFactory$AbstractStackWalker.fetchStackFrames(JJII[Ljava/lang/Object;)I+0 java.base@11.0.2
j  java.lang.StackStreamFactory$AbstractStackWalker.fetchStackFrames(I)I+35 java.base@11.0.2
j  java.lang.StackStreamFactory$AbstractStackWalker.getNextBatch()I+61 java.base@11.0.2
j  java.lang.StackStreamFactory$AbstractStackWalker.peekFrame()Ljava/lang/Class;+32 java.base@11.0.2
j  java.lang.StackStreamFactory$AbstractStackWalker.hasNext()Z+1 java.base@11.0.2
j  java.lang.StackStreamFactory$StackFrameTraverser.nextStackFrame()Ljava/lang/StackWalker$StackFrame;+1 java.base@11.0.2
j  java.lang.StackStreamFactory$StackFrameTraverser.forEachRemaining(Ljava/util/function/Consumer;)V+18 java.base@11.0.2
j  java.util.stream.AbstractPipeline.copyInto(Ljava/util/stream/Sink;Ljava/util/Spliterator;)V+32 java.base@11.0.2
j  java.util.stream.AbstractPipeline.wrapAndCopyInto(Ljava/util/stream/Sink;Ljava/util/Spliterator;)Ljava/util/stream/Sink;+13 java.base@11.0.2
j  java.util.stream.AbstractPipeline.evaluate(Ljava/util/Spliterator;ZLjava/util/function/IntFunction;)Ljava/util/stream/Node;+32 java.base@11.0.2
j  java.util.stream.AbstractPipeline.evaluateToArrayNode(Ljava/util/function/IntFunction;)Ljava/util/stream/Node;+74 java.base@11.0.2
j  java.util.stream.ReferencePipeline.toArray(Ljava/util/function/IntFunction;)[Ljava/lang/Object;+4 java.base@11.0.2
j  java.util.stream.ReferencePipeline.toArray()[Ljava/lang/Object;+6 java.base@11.0.2
j  org.apache.logging.log4j.util.StackLocator$FqcnCallerLocator.apply(Ljava/util/stream/Stream;)Ljava/lang/StackWalker$StackFrame;+13
j  org.apache.logging.log4j.util.StackLocator$FqcnCallerLocator.apply(Ljava/lang/Object;)Ljava/lang/Object;+5
j  java.lang.StackStreamFactory$StackFrameTraverser.consumeFrames()Ljava/lang/Object;+25 java.base@11.0.2
j  java.lang.StackStreamFactory$AbstractStackWalker.doStackWalk(JIIII)Ljava/lang/Object;+78 java.base@11.0.2
v  ~StubRoutines::call_stub
j  java.lang.StackStreamFactory$AbstractStackWalker.callStackWalk(JIII[Ljava/lang/Object;)Ljava/lang/Object;+0 java.base@11.0.2
j  java.lang.StackStreamFactory$AbstractStackWalker.beginStackWalk()Ljava/lang/Object;+31 java.base@11.0.2
j  java.lang.StackStreamFactory$AbstractStackWalker.walk()Ljava/lang/Object;+8 java.base@11.0.2
j  java.lang.StackWalker.walk(Ljava/util/function/Function;)Ljava/lang/Object;+10 java.base@11.0.2
j  org.apache.logging.log4j.util.StackLocator.calcLocation(Ljava/lang/String;)Ljava/lang/StackTraceElement;+13
j  org.apache.logging.log4j.util.StackLocatorUtil.calcLocation(Ljava/lang/String;)Ljava/lang/StackTraceElement;+4
j  org.apache.logging.log4j.core.impl.Log4jLogEvent.getSource()Ljava/lang/StackTraceElement;+33
j  org.apache.logging.log4j.core.pattern.FileLocationPatternConverter.format(Lorg/apache/logging/log4j/core/LogEvent;Ljava/lang/StringBuilder;)V+1
j  org.apache.logging.log4j.core.pattern.PatternFormatter.format(Lorg/apache/logging/log4j/core/LogEvent;Ljava/lang/StringBuilder;)V+13
j  org.apache.logging.log4j.core.pattern.HighlightConverter.format(Lorg/apache/logging/log4j/core/LogEvent;Ljava/lang/StringBuilder;)V+95
j  org.apache.logging.log4j.core.pattern.PatternFormatter.format(Lorg/apache/logging/log4j/core/LogEvent;Ljava/lang/StringBuilder;)V+13
j  org.apache.logging.log4j.core.layout.PatternLayout$PatternSerializer.toSerializable(Lorg/apache/logging/log4j/core/LogEvent;Ljava/lang/StringBuilder;)Ljava/lang/StringBuilder;+24
j  org.apache.logging.log4j.core.layout.PatternLayout.toText(Lorg/apache/logging/log4j/core/layout/AbstractStringLayout$Serializer2;Lorg/apache/logging/log4j/core/LogEvent;Ljava/lang/StringBuilder;)Ljava/lang/StringBuilder;+3
j  org.apache.logging.log4j.core.layout.PatternLayout.encode(Lorg/apache/logging/log4j/core/LogEvent;Lorg/apache/logging/log4j/core/layout/ByteBufferDestination;)V+29
j  org.apache.logging.log4j.core.layout.PatternLayout.encode(Ljava/lang/Object;Lorg/apache/logging/log4j/core/layout/ByteBufferDestination;)V+6
j  org.apache.logging.log4j.core.appender.AbstractOutputStreamAppender.directEncodeEvent(Lorg/apache/logging/log4j/core/LogEvent;)V+9
j  org.apache.logging.log4j.core.appender.AbstractOutputStreamAppender.tryAppend(Lorg/apache/logging/log4j/core/LogEvent;)V+8
j  org.apache.logging.log4j.core.appender.AbstractOutputStreamAppender.append(Lorg/apache/logging/log4j/core/LogEvent;)V+2
j  org.apache.logging.log4j.core.config.AppenderControl.tryCallAppender(Lorg/apache/logging/log4j/core/LogEvent;)V+5
j  org.apache.logging.log4j.core.config.AppenderControl.callAppender0(Lorg/apache/logging/log4j/core/LogEvent;)V+14
j  org.apache.logging.log4j.core.config.AppenderControl.callAppenderPreventRecursion(Lorg/apache/logging/log4j/core/LogEvent;)V+10
j  org.apache.logging.log4j.core.config.AppenderControl.callAppender(Lorg/apache/logging/log4j/core/LogEvent;)V+11
j  org.apache.logging.log4j.core.config.LoggerConfig.callAppenders(Lorg/apache/logging/log4j/core/LogEvent;)V+20
j  org.apache.logging.log4j.core.config.LoggerConfig.processLogEvent(Lorg/apache/logging/log4j/core/LogEvent;Lorg/apache/logging/log4j/core/config/LoggerConfig$LoggerConfigPredicate;)V+20
j  org.apache.logging.log4j.core.config.LoggerConfig.log(Lorg/apache/logging/log4j/core/LogEvent;Lorg/apache/logging/log4j/core/config/LoggerConfig$LoggerConfigPredicate;)V+11
j  org.apache.logging.log4j.core.config.LoggerConfig.log(Ljava/lang/String;Ljava/lang/String;Ljava/lang/StackTraceElement;Lorg/apache/logging/log4j/Marker;Lorg/apache/logging/log4j/Level;Lorg/apache/logging/log4j/message/Message;Ljava/lang/Throwable;)V+241
j  org.apache.logging.log4j.core.config.AwaitCompletionReliabilityStrategy.log(Lorg/apache/logging/log4j/util/Supplier;Ljava/lang/String;Ljava/lang/String;Ljava/lang/StackTraceElement;Lorg/apache/logging/log4j/Marker;Lorg/apache/logging/log4j/Level;Lorg/apache/logging/log4j/message/Message;Ljava/lang/Throwable;)V+21
j  org.apache.logging.log4j.core.Logger.log(Lorg/apache/logging/log4j/Level;Lorg/apache/logging/log4j/Marker;Ljava/lang/String;Ljava/lang/StackTraceElement;Lorg/apache/logging/log4j/message/Message;Ljava/lang/Throwable;)V+39
j  org.apache.logging.log4j.spi.AbstractLogger.tryLogMessage(Ljava/lang/String;Ljava/lang/StackTraceElement;Lorg/apache/logging/log4j/Level;Lorg/apache/logging/log4j/Marker;Lorg/apache/logging/log4j/message/Message;Ljava/lang/Throwable;)V+10
j  org.apache.logging.log4j.spi.AbstractLogger.logMessageTrackRecursion(Ljava/lang/String;Lorg/apache/logging/log4j/Level;Lorg/apache/logging/log4j/Marker;Lorg/apache/logging/log4j/message/Message;Ljava/lang/Throwable;)V+16
j  org.apache.logging.log4j.spi.AbstractLogger.logMessageSafely(Ljava/lang/String;Lorg/apache/logging/log4j/Level;Lorg/apache/logging/log4j/Marker;Lorg/apache/logging/log4j/message/Message;Ljava/lang/Throwable;)V+8
j  org.apache.logging.log4j.spi.AbstractLogger.logMessage(Ljava/lang/String;Lorg/apache/logging/log4j/Level;Lorg/apache/logging/log4j/Marker;Ljava/lang/String;)V+26
j  org.apache.logging.log4j.spi.AbstractLogger.logIfEnabled(Ljava/lang/String;Lorg/apache/logging/log4j/Level;Lorg/apache/logging/log4j/Marker;Ljava/lang/String;)V+17
j  org.apache.logging.slf4j.Log4jLogger.info(Ljava/lang/String;)V+12
j  net.sf.log4jdbc.log.slf4j.Slf4jSpyLogDelegator.sqlTimingOccurred(Lnet/sf/log4jdbc/sql/Spy;JLjava/lang/String;Ljava/lang/String;)V+191
j  net.sf.log4jdbc.sql.jdbcapi.StatementSpy._reportSqlTiming(JLjava/lang/String;Ljava/lang/String;)V+9
j  net.sf.log4jdbc.sql.jdbcapi.StatementSpy.reportSqlTiming(JLjava/lang/String;Ljava/lang/String;)V+5
j  net.sf.log4jdbc.sql.jdbcapi.PreparedStatementSpy.execute()Z+37
j  com.zaxxer.hikari.pool.ProxyPreparedStatement.execute()Z+14
j  com.zaxxer.hikari.pool.HikariProxyPreparedStatement.execute()Z+1
j  org.apache.ibatis.executor.statement.PreparedStatementHandler.query(Ljava/sql/Statement;Lorg/apache/ibatis/session/ResultHandler;)Ljava/util/List;+6
j  org.apache.ibatis.executor.statement.RoutingStatementHandler.query(Ljava/sql/Statement;Lorg/apache/ibatis/session/ResultHandler;)Ljava/util/List;+6
j  org.apache.ibatis.executor.ReuseExecutor.doQuery(Lorg/apache/ibatis/mapping/MappedStatement;Ljava/lang/Object;Lorg/apache/ibatis/session/RowBounds;Lorg/apache/ibatis/session/ResultHandler;Lorg/apache/ibatis/mapping/BoundSql;)Ljava/util/List;+42
j  org.apache.ibatis.executor.BaseExecutor.queryFromDatabase(Lorg/apache/ibatis/mapping/MappedStatement;Ljava/lang/Object;Lorg/apache/ibatis/session/RowBounds;Lorg/apache/ibatis/session/ResultHandler;Lorg/apache/ibatis/cache/CacheKey;Lorg/apache/ibatis/mapping/BoundSql;)Ljava/util/List;+20
j  org.apache.ibatis.executor.BaseExecutor.query(Lorg/apache/ibatis/mapping/MappedStatement;Ljava/lang/Object;Lorg/apache/ibatis/session/RowBounds;Lorg/apache/ibatis/session/ResultHandler;Lorg/apache/ibatis/cache/CacheKey;Lorg/apache/ibatis/mapping/BoundSql;)Ljava/util/List;+119
j  org.apache.ibatis.executor.BaseExecutor.query(Lorg/apache/ibatis/mapping/MappedStatement;Ljava/lang/Object;Lorg/apache/ibatis/session/RowBounds;Lorg/apache/ibatis/session/ResultHandler;)Ljava/util/List;+28
j  org.apache.ibatis.session.defaults.DefaultSqlSession.selectList(Ljava/lang/String;Ljava/lang/Object;Lorg/apache/ibatis/session/RowBounds;)Ljava/util/List;+25
j  org.apache.ibatis.session.defaults.DefaultSqlSession.selectList(Ljava/lang/String;Ljava/lang/Object;)Ljava/util/List;+6
j  org.apache.ibatis.session.defaults.DefaultSqlSession.selectOne(Ljava/lang/String;Ljava/lang/Object;)Ljava/lang/Object;+3
v  ~StubRoutines::call_stub
j  jdk.internal.reflect.NativeMethodAccessorImpl.invoke0(Ljava/lang/reflect/Method;Ljava/lang/Object;[Ljava/lang/Object;)Ljava/lang/Object;+0 java.base@11.0.2
j  jdk.internal.reflect.NativeMethodAccessorImpl.invoke(Ljava/lang/Object;[Ljava/lang/Object;)Ljava/lang/Object;+100 java.base@11.0.2
j  jdk.internal.reflect.DelegatingMethodAccessorImpl.invoke(Ljava/lang/Object;[Ljava/lang/Object;)Ljava/lang/Object;+6 java.base@11.0.2
j  java.lang.reflect.Method.invoke(Ljava/lang/Object;[Ljava/lang/Object;)Ljava/lang/Object;+59 java.base@11.0.2
j  org.mybatis.spring.SqlSessionTemplate$SqlSessionInterceptor.invoke(Ljava/lang/Object;Ljava/lang/reflect/Method;[Ljava/lang/Object;)Ljava/lang/Object;+30
j  com.sun.proxy.$Proxy133.selectOne(Ljava/lang/String;Ljava/lang/Object;)Ljava/lang/Object;+20
j  org.mybatis.spring.SqlSessionTemplate.selectOne(Ljava/lang/String;Ljava/lang/Object;)Ljava/lang/Object;+6
j  org.apache.ibatis.binding.MapperMethod.execute(Lorg/apache/ibatis/session/SqlSession;[Ljava/lang/Object;)Ljava/lang/Object;+258
j  org.apache.ibatis.binding.MapperProxy$PlainMethodInvoker.invoke(Ljava/lang/Object;Ljava/lang/reflect/Method;[Ljava/lang/Object;Lorg/apache/ibatis/session/SqlSession;)Ljava/lang/Object;+7
j  org.apache.ibatis.binding.MapperProxy.invoke(Ljava/lang/Object;Ljava/lang/reflect/Method;[Ljava/lang/Object;)Ljava/lang/Object;+31
j  com.sun.proxy.$Proxy201.login(Lkr/co/igns/framework/comm/model/LoginReqDto;)Lkr/co/igns/framework/comm/model/LoginVO;+16
j  kr.co.igns.framework.comm.service.LoginService.login(Lkr/co/igns/framework/comm/model/LoginReqDto;Ljavax/servlet/http/HttpServletRequest;)Ljava/util/Map;+5
j  kr.co.igns.framework.comm.controller.LoginController.login(Lkr/co/igns/framework/comm/model/LoginReqDto;Ljavax/servlet/http/HttpServletRequest;Ljavax/servlet/http/HttpServletResponse;)Lkr/co/igns/framework/config/response/CommonResult;+6
v  ~StubRoutines::call_stub
J 2715  jdk.internal.reflect.NativeMethodAccessorImpl.invoke0(Ljava/lang/reflect/Method;Ljava/lang/Object;[Ljava/lang/Object;)Ljava/lang/Object; java.base@11.0.2 (0 bytes) @ 0x0000018bc6ce14cf [0x0000018bc6ce1440+0x000000000000008f]
J 8918 c1 jdk.internal.reflect.NativeMethodAccessorImpl.invoke(Ljava/lang/Object;[Ljava/lang/Object;)Ljava/lang/Object; java.base@11.0.2 (104 bytes) @ 0x0000018bc78a536c [0x0000018bc78a4f40+0x000000000000042c]
J 8814 c1 jdk.internal.reflect.DelegatingMethodAccessorImpl.invoke(Ljava/lang/Object;[Ljava/lang/Object;)Ljava/lang/Object; java.base@11.0.2 (10 bytes) @ 0x0000018bc786a5a4 [0x0000018bc786a540+0x0000000000000064]
J 8822 c1 java.lang.reflect.Method.invoke(Ljava/lang/Object;[Ljava/lang/Object;)Ljava/lang/Object; java.base@11.0.2 (65 bytes) @ 0x0000018bc7873e0c [0x0000018bc7873ce0+0x000000000000012c]
j  org.springframework.web.method.support.InvocableHandlerMethod.doInvoke([Ljava/lang/Object;)Ljava/lang/Object;+16
j  org.springframework.web.method.support.InvocableHandlerMethod.invokeForRequest(Lorg/springframework/web/context/request/NativeWebRequest;Lorg/springframework/web/method/support/ModelAndViewContainer;[Ljava/lang/Object;)Ljava/lang/Object;+56
j  org.springframework.web.servlet.mvc.method.annotation.ServletInvocableHandlerMethod.invokeAndHandle(Lorg/springframework/web/context/request/ServletWebRequest;Lorg/springframework/web/method/support/ModelAndViewContainer;[Ljava/lang/Object;)V+4
j  org.springframework.web.servlet.mvc.method.annotation.RequestMappingHandlerAdapter.invokeHandlerMethod(Ljavax/servlet/http/HttpServletRequest;Ljavax/servlet/http/HttpServletResponse;Lorg/springframework/web/method/HandlerMethod;)Lorg/springframework/web/servlet/ModelAndView;+244
j  org.springframework.web.servlet.mvc.method.annotation.RequestMappingHandlerAdapter.handleInternal(Ljavax/servlet/http/HttpServletRequest;Ljavax/servlet/http/HttpServletResponse;Lorg/springframework/web/method/HandlerMethod;)Lorg/springframework/web/servlet/ModelAndView;+81
j  org.springframework.web.servlet.mvc.method.AbstractHandlerMethodAdapter.handle(Ljavax/servlet/http/HttpServletRequest;Ljavax/servlet/http/HttpServletResponse;Ljava/lang/Object;)Lorg/springframework/web/servlet/ModelAndView;+7
j  org.springframework.web.servlet.DispatcherServlet.doDispatch(Ljavax/servlet/http/HttpServletRequest;Ljavax/servlet/http/HttpServletResponse;)V+257
j  org.springframework.web.servlet.DispatcherServlet.doService(Ljavax/servlet/http/HttpServletRequest;Ljavax/servlet/http/HttpServletResponse;)V+212
j  org.springframework.web.servlet.FrameworkServlet.processRequest(Ljavax/servlet/http/HttpServletRequest;Ljavax/servlet/http/HttpServletResponse;)V+71
j  org.springframework.web.servlet.FrameworkServlet.doPost(Ljavax/servlet/http/HttpServletRequest;Ljavax/servlet/http/HttpServletResponse;)V+3
j  javax.servlet.http.HttpServlet.service(Ljavax/servlet/http/HttpServletRequest;Ljavax/servlet/http/HttpServletResponse;)V+149
j  org.springframework.web.servlet.FrameworkServlet.service(Ljavax/servlet/http/HttpServletRequest;Ljavax/servlet/http/HttpServletResponse;)V+33
j  javax.servlet.http.HttpServlet.service(Ljavax/servlet/ServletRequest;Ljavax/servlet/ServletResponse;)V+36
j  org.apache.catalina.core.ApplicationFilterChain.internalDoFilter(Ljavax/servlet/ServletRequest;Ljavax/servlet/ServletResponse;)V+304
j  org.apache.catalina.core.ApplicationFilterChain.doFilter(Ljavax/servlet/ServletRequest;Ljavax/servlet/ServletResponse;)V+101
j  org.apache.tomcat.websocket.server.WsFilter.doFilter(Ljavax/servlet/ServletRequest;Ljavax/servlet/ServletResponse;Ljavax/servlet/FilterChain;)V+21
j  org.apache.catalina.core.ApplicationFilterChain.internalDoFilter(Ljavax/servlet/ServletRequest;Ljavax/servlet/ServletResponse;)V+135
j  org.apache.catalina.core.ApplicationFilterChain.doFilter(Ljavax/servlet/ServletRequest;Ljavax/servlet/ServletResponse;)V+101
j  org.springframework.security.web.FilterChainProxy.doFilterInternal(Ljavax/servlet/ServletRequest;Ljavax/servlet/ServletResponse;Ljavax/servlet/FilterChain;)V+115
j  org.springframework.security.web.FilterChainProxy.doFilter(Ljavax/servlet/ServletRequest;Ljavax/servlet/ServletResponse;Ljavax/servlet/FilterChain;)V+40
j  org.springframework.web.filter.DelegatingFilterProxy.invokeDelegate(Ljavax/servlet/Filter;Ljavax/servlet/ServletRequest;Ljavax/servlet/ServletResponse;Ljavax/servlet/FilterChain;)V+5
j  org.springframework.web.filter.DelegatingFilterProxy.doFilter(Ljavax/servlet/ServletRequest;Ljavax/servlet/ServletResponse;Ljavax/servlet/FilterChain;)V+85
j  org.apache.catalina.core.ApplicationFilterChain.internalDoFilter(Ljavax/servlet/ServletRequest;Ljavax/servlet/ServletResponse;)V+135
j  org.apache.catalina.core.ApplicationFilterChain.doFilter(Ljavax/servlet/ServletRequest;Ljavax/servlet/ServletResponse;)V+101
j  org.springframework.web.filter.RequestContextFilter.doFilterInternal(Ljavax/servlet/http/HttpServletRequest;Ljavax/servlet/http/HttpServletResponse;Ljavax/servlet/FilterChain;)V+21
j  org.springframework.web.filter.OncePerRequestFilter.doFilter(Ljavax/servlet/ServletRequest;Ljavax/servlet/ServletResponse;Ljavax/servlet/FilterChain;)V+147
j  org.apache.catalina.core.ApplicationFilterChain.internalDoFilter(Ljavax/servlet/ServletRequest;Ljavax/servlet/ServletResponse;)V+135
j  org.apache.catalina.core.ApplicationFilterChain.doFilter(Ljavax/servlet/ServletRequest;Ljavax/servlet/ServletResponse;)V+101
j  org.springframework.web.filter.FormContentFilter.doFilterInternal(Ljavax/servlet/http/HttpServletRequest;Ljavax/servlet/http/HttpServletResponse;Ljavax/servlet/FilterChain;)V+38
j  org.springframework.web.filter.OncePerRequestFilter.doFilter(Ljavax/servlet/ServletRequest;Ljavax/servlet/ServletResponse;Ljavax/servlet/FilterChain;)V+147
j  org.apache.catalina.core.ApplicationFilterChain.internalDoFilter(Ljavax/servlet/ServletRequest;Ljavax/servlet/ServletResponse;)V+135
j  org.apache.catalina.core.ApplicationFilterChain.doFilter(Ljavax/servlet/ServletRequest;Ljavax/servlet/ServletResponse;)V+101
j  org.springframework.boot.actuate.metrics.web.servlet.WebMvcMetricsFilter.doFilterInternal(Ljavax/servlet/http/HttpServletRequest;Ljavax/servlet/http/HttpServletResponse;Ljavax/servlet/FilterChain;)V+21
j  org.springframework.web.filter.OncePerRequestFilter.doFilter(Ljavax/servlet/ServletRequest;Ljavax/servlet/ServletResponse;Ljavax/servlet/FilterChain;)V+147
j  org.apache.catalina.core.ApplicationFilterChain.internalDoFilter(Ljavax/servlet/ServletRequest;Ljavax/servlet/ServletResponse;)V+135
j  org.apache.catalina.core.ApplicationFilterChain.doFilter(Ljavax/servlet/ServletRequest;Ljavax/servlet/ServletResponse;)V+101
j  org.springframework.web.filter.CharacterEncodingFilter.doFilterInternal(Ljavax/servlet/http/HttpServletRequest;Ljavax/servlet/http/HttpServletResponse;Ljavax/servlet/FilterChain;)V+53
j  org.springframework.web.filter.OncePerRequestFilter.doFilter(Ljavax/servlet/ServletRequest;Ljavax/servlet/ServletResponse;Ljavax/servlet/FilterChain;)V+147
j  org.apache.catalina.core.ApplicationFilterChain.internalDoFilter(Ljavax/servlet/ServletRequest;Ljavax/servlet/ServletResponse;)V+135
j  org.apache.catalina.core.ApplicationFilterChain.doFilter(Ljavax/servlet/ServletRequest;Ljavax/servlet/ServletResponse;)V+101
j  org.apache.catalina.core.StandardWrapperValve.invoke(Lorg/apache/catalina/connector/Request;Lorg/apache/catalina/connector/Response;)V+694
j  org.apache.catalina.core.StandardContextValve.invoke(Lorg/apache/catalina/connector/Request;Lorg/apache/catalina/connector/Response;)V+166
j  org.apache.catalina.authenticator.AuthenticatorBase.invoke(Lorg/apache/catalina/connector/Request;Lorg/apache/catalina/connector/Response;)V+260
j  org.apache.catalina.core.StandardHostValve.invoke(Lorg/apache/catalina/connector/Request;Lorg/apache/catalina/connector/Response;)V+114
j  org.apache.catalina.valves.ErrorReportValve.invoke(Lorg/apache/catalina/connector/Request;Lorg/apache/catalina/connector/Response;)V+6
j  org.apache.catalina.core.StandardEngineValve.invoke(Lorg/apache/catalina/connector/Request;Lorg/apache/catalina/connector/Response;)V+45
j  org.apache.catalina.connector.CoyoteAdapter.service(Lorg/apache/coyote/Request;Lorg/apache/coyote/Response;)V+199
j  org.apache.coyote.http11.Http11Processor.service(Lorg/apache/tomcat/util/net/SocketWrapperBase;)Lorg/apache/tomcat/util/net/AbstractEndpoint$Handler$SocketState;+735
j  org.apache.coyote.AbstractProcessorLight.process(Lorg/apache/tomcat/util/net/SocketWrapperBase;Lorg/apache/tomcat/util/net/SocketEvent;)Lorg/apache/tomcat/util/net/AbstractEndpoint$Handler$SocketState;+170
j  org.apache.coyote.AbstractProtocol$ConnectionHandler.process(Lorg/apache/tomcat/util/net/SocketWrapperBase;Lorg/apache/tomcat/util/net/SocketEvent;)Lorg/apache/tomcat/util/net/AbstractEndpoint$Handler$SocketState;+505
j  org.apache.tomcat.util.net.NioEndpoint$SocketProcessor.doRun()V+214
j  org.apache.tomcat.util.net.SocketProcessorBase.run()V+21
j  java.util.concurrent.ThreadPoolExecutor.runWorker(Ljava/util/concurrent/ThreadPoolExecutor$Worker;)V+92 java.base@11.0.2
j  java.util.concurrent.ThreadPoolExecutor$Worker.run()V+5 java.base@11.0.2
j  org.apache.tomcat.util.threads.TaskThread$WrappingRunnable.run()V+4
j  java.lang.Thread.run()V+11 java.base@11.0.2
v  ~StubRoutines::call_stub

siginfo: EXCEPTION_ACCESS_VIOLATION (0xc0000005), reading address 0x0000000000000008


Register to memory mapping:

RIP=0x00007ffc9ebe2a8b jvm.dll
RAX=0x0000000000000010 is an unknown value
RBX=0x0000018be1eb9ca0 points into unknown readable memory: 38 2f 91 0b 07 00 00 00
RCX=0x000000070b912f38 is an oop: java.lang.invoke.ResolvedMethodName 
{0x000000070b912f38} - klass: 'java/lang/invoke/ResolvedMethodName'
RDX=0x0000000000000010 is an unknown value
RSP=0x00000033bb3f68c0 is pointing into the stack for thread: 0x0000018be7e01800
RBP=0x000000070b912f38 is an oop: java.lang.invoke.ResolvedMethodName 
{0x000000070b912f38} - klass: 'java/lang/invoke/ResolvedMethodName'
RSI=0x0 is NULL
RDI=0x0000018bbde4fcd0 points into unknown readable memory: 01 00 00 00 00 00 00 00
R8 =0x0 is NULL
R9 ={method} {0x0000018be9b05408} 'login' '(Lkr/co/igns/framework/comm/model/LoginReqDto;Ljavax/servlet/http/HttpServletRequest;Ljavax/servlet/http/HttpServletResponse;)Lkr/co/igns/framework/config/response/CommonResult;' in 'kr/co/igns/framework/comm/controller/LoginController'
R10=0x0000000000000006 is an unknown value
R11=0x0000000000000005 is an unknown value
R12=0x0000000000000006 is an unknown value
R13=0x0000000800a1c4b8 is a pointer to class: 
kr.co.igns.framework.comm.controller.LoginController {0x0000000800a1c4c0}
R14=0x0000000800a1c4b8 is a pointer to class: 
kr.co.igns.framework.comm.controller.LoginController {0x0000000800a1c4c0}
R15=0x0000018be7e01800 is a thread


Registers:
RAX=0x0000000000000010, RBX=0x0000018be1eb9ca0, RCX=0x000000070b912f38, RDX=0x0000000000000010
RSP=0x00000033bb3f68c0, RBP=0x000000070b912f38, RSI=0x0000000000000000, RDI=0x0000018bbde4fcd0
R8 =0x0000000000000000, R9 =0x0000018be9b05400, R10=0x0000000000000006, R11=0x0000000000000005
R12=0x0000000000000006, R13=0x0000000800a1c4b8, R14=0x0000000800a1c4b8, R15=0x0000018be7e01800
RIP=0x00007ffc9ebe2a8b, EFLAGS=0x0000000000010206

Top of Stack: (sp=0x00000033bb3f68c0)
0x00000033bb3f68c0:   0000ebd424d1bf9f 0000000800a1c4b8
0x00000033bb3f68d0:   0000018be7e01800 0000018be9a03f80
0x00000033bb3f68e0:   0000018be7e01800 00007ffc9e8e4f93
0x00000033bb3f68f0:   000000070b912f38 0000018be9a03f80
0x00000033bb3f6900:   00000033bb3f6940 00007ffd06d050bb
0x00000033bb3f6910:   0000000000000007 00007ffc9ea80b49
0x00000033bb3f6920:   0000018be1eb9ca0 0000000000000000
0x00000033bb3f6930:   00000033bb3f69a0 0000018be9a03f80
0x00000033bb3f6940:   0000018be9a03f80 0000018be7e01800
0x00000033bb3f6950:   00000033bb3f6a78 0000018be7e01800
0x00000033bb3f6960:   00000033bb3f7ba0 0000000000000006
0x00000033bb3f6970:   0000018be1eb9c90 00007ffc9e8e8936
0x00000033bb3f6980:   0000018be1eb9c98 000000070b912a08
0x00000033bb3f6990:   0000018be7e01800 0000018be7e01800
0x00000033bb3f69a0:   0000000800a1c4b8 0000000800a1c4b8
0x00000033bb3f69b0:   0000018be9a03f80 0000018be7e01800 

Instructions: (pc=0x00007ffc9ebe2a8b)
0x00007ffc9ebe2a6b:   2e 48 8b 48 18 e8 5b 71 ce ff 48 8b f0 48 85 db
0x00007ffc9ebe2a7b:   74 03 48 8b 2b 48 8b d0 48 8b cd e8 45 65 d0 ff
0x00007ffc9ebe2a8b:   48 8b 46 08 4c 8b c3 48 8b d6 48 8b 48 08 48 8b
0x00007ffc9ebe2a9b:   41 18 b9 00 80 00 00 66 09 88 3a 01 00 00 48 8b 


Stack slot to memory mapping:
stack at sp + 0 slots: 0x0000ebd424d1bf9f is an unknown value
stack at sp + 1 slots: 0x0000000800a1c4b8 is a pointer to class: 
kr.co.igns.framework.comm.controller.LoginController {0x0000000800a1c4c0}
stack at sp + 2 slots: 0x0000018be7e01800 is a thread
stack at sp + 3 slots: {method} {0x0000018be9a03f88} 'login' '(Lkr/co/igns/framework/comm/model/LoginReqDto;Ljavax/servlet/http/HttpServletRequest;Ljavax/servlet/http/HttpServletResponse;)Lkr/co/igns/framework/config/response/CommonResult;' in 'kr/co/igns/framework/comm/controller/LoginController'
stack at sp + 4 slots: 0x0000018be7e01800 is a thread
stack at sp + 5 slots: 0x00007ffc9e8e4f93 jvm.dll
stack at sp + 6 slots: 0x000000070b912f38 is an oop: java.lang.invoke.ResolvedMethodName 
{0x000000070b912f38} - klass: 'java/lang/invoke/ResolvedMethodName'
stack at sp + 7 slots: {method} {0x0000018be9a03f88} 'login' '(Lkr/co/igns/framework/comm/model/LoginReqDto;Ljavax/servlet/http/HttpServletRequest;Ljavax/servlet/http/HttpServletResponse;)Lkr/co/igns/framework/config/response/CommonResult;' in 'kr/co/igns/framework/comm/controller/LoginController'


---------------  P R O C E S S  ---------------

Threads class SMR info:
_java_thread_list=0x0000018be7a0d3d0, length=33, elements={
0x0000018be1de2000, 0x0000018be1ded800, 0x0000018be1e4e000, 0x0000018be1e4f000,
0x0000018be1e51000, 0x0000018be1e61800, 0x0000018be2028000, 0x0000018be20c9800,
0x0000018be20ce800, 0x0000018be20cf000, 0x0000018be20db000, 0x0000018be20c7800,
0x0000018be2eab800, 0x0000018be2f97000, 0x0000018be3091000, 0x0000018be33fc800,
0x0000018be3672800, 0x0000018be36a4800, 0x0000018be5e32800, 0x0000018be5e33800,
0x0000018be7dfa000, 0x0000018be7df4800, 0x0000018be7dfb000, 0x0000018be7df9000,
0x0000018be7dfb800, 0x0000018be7df6000, 0x0000018be7dfd800, 0x0000018be7dfe000,
0x0000018be7e00800, 0x0000018be7e01800, 0x0000018be5e39000, 0x0000018be5e34000,
0x0000018be5e3a000
}

Java Threads: ( => current thread )
  0x0000018be1de2000 JavaThread "Reference Handler" daemon [_thread_blocked, id=30796, stack(0x00000033b8c00000,0x00000033b8d00000)]
  0x0000018be1ded800 JavaThread "Finalizer" daemon [_thread_blocked, id=22288, stack(0x00000033b8d00000,0x00000033b8e00000)]
  0x0000018be1e4e000 JavaThread "Signal Dispatcher" daemon [_thread_blocked, id=19892, stack(0x00000033b8e00000,0x00000033b8f00000)]
  0x0000018be1e4f000 JavaThread "Attach Listener" daemon [_thread_blocked, id=15520, stack(0x00000033b8f00000,0x00000033b9000000)]
  0x0000018be1e51000 JavaThread "C1 CompilerThread0" daemon [_thread_blocked, id=14196, stack(0x00000033b9000000,0x00000033b9100000)]
  0x0000018be1e61800 JavaThread "Sweeper thread" daemon [_thread_blocked, id=22832, stack(0x00000033b9100000,0x00000033b9200000)]
  0x0000018be2028000 JavaThread "Common-Cleaner" daemon [_thread_blocked, id=18908, stack(0x00000033b9200000,0x00000033b9300000)]
  0x0000018be20c9800 JavaThread "JDWP Transport Listener: dt_socket" daemon [_thread_blocked, id=23788, stack(0x00000033b9500000,0x00000033b9600000)]
  0x0000018be20ce800 JavaThread "JDWP Event Helper Thread" daemon [_thread_blocked, id=26836, stack(0x00000033b9600000,0x00000033b9700000)]
  0x0000018be20cf000 JavaThread "JDWP Command Reader" daemon [_thread_in_native, id=5788, stack(0x00000033b9700000,0x00000033b9800000)]
  0x0000018be20db000 JavaThread "Service Thread" daemon [_thread_blocked, id=26884, stack(0x00000033b9800000,0x00000033b9900000)]
  0x0000018be20c7800 JavaThread "RMI TCP Accept-0" daemon [_thread_in_native, id=23880, stack(0x00000033b9900000,0x00000033b9a00000)]
  0x0000018be2eab800 JavaThread "RMI TCP Accept-56432" daemon [_thread_in_native, id=31140, stack(0x00000033b9a00000,0x00000033b9b00000)]
  0x0000018be2f97000 JavaThread "RMI TCP Accept-0" daemon [_thread_in_native, id=11676, stack(0x00000033b9b00000,0x00000033b9c00000)]
  0x0000018be3091000 JavaThread "RMI Scheduler(0)" daemon [_thread_blocked, id=25240, stack(0x00000033ba300000,0x00000033ba400000)]
  0x0000018be33fc800 JavaThread "JMX server connection timeout 22" daemon [_thread_blocked, id=2984, stack(0x00000033ba400000,0x00000033ba500000)]
  0x0000018be3672800 JavaThread "RMI TCP Connection(idle)" daemon [_thread_blocked, id=6368, stack(0x00000033ba900000,0x00000033baa00000)]
  0x0000018be36a4800 JavaThread "JMX server connection timeout 28" daemon [_thread_blocked, id=6452, stack(0x00000033baa00000,0x00000033bab00000)]
  0x0000018be5e32800 JavaThread "mysql-cj-abandoned-connection-cleanup" daemon [_thread_blocked, id=29720, stack(0x00000033bb000000,0x00000033bb100000)]
  0x0000018be5e33800 JavaThread "Live Reload Server" daemon [_thread_in_native, id=15528, stack(0x00000033bb900000,0x00000033bba00000)]
  0x0000018be7dfa000 JavaThread "my-scheduled-task-pool-1" [_thread_blocked, id=6428, stack(0x00000033bc800000,0x00000033bc900000)]
  0x0000018be7df4800 JavaThread "DestroyJavaVM" [_thread_blocked, id=21624, stack(0x00000033b8500000,0x00000033b8600000)]
  0x0000018be7dfb000 JavaThread "Catalina-utility-1" [_thread_blocked, id=20852, stack(0x00000033ba500000,0x00000033ba600000)]
  0x0000018be7df9000 JavaThread "Catalina-utility-2" [_thread_blocked, id=11360, stack(0x00000033ba600000,0x00000033ba700000)]
  0x0000018be7dfb800 JavaThread "container-0" [_thread_blocked, id=26428, stack(0x00000033ba700000,0x00000033ba800000)]
  0x0000018be7df6000 JavaThread "lettuce-eventExecutorLoop-4-1" daemon [_thread_blocked, id=30288, stack(0x00000033ba800000,0x00000033ba900000)]
  0x0000018be7dfd800 JavaThread "PostgreSQL-JDBC-SharedTimer-2" daemon [_thread_blocked, id=28428, stack(0x00000033bac00000,0x00000033bad00000)]
  0x0000018be7dfe000 JavaThread "HikariPool-2 housekeeper" daemon [_thread_blocked, id=14572, stack(0x00000033bad00000,0x00000033bae00000)]
  0x0000018be7e00800 JavaThread "http-nio-9000-BlockPoller" daemon [_thread_in_native, id=30512, stack(0x00000033bb200000,0x00000033bb300000)]
=>0x0000018be7e01800 JavaThread "http-nio-9000-exec-1" daemon [_thread_in_vm, id=11456, stack(0x00000033bb300000,0x00000033bb400000)]
  0x0000018be5e39000 JavaThread "RMI TCP Connection(idle)" daemon [_thread_blocked, id=30020, stack(0x00000033bc300000,0x00000033bc400000)]
  0x0000018be5e34000 JavaThread "my-scheduled-task-pool-1" [_thread_blocked, id=13044, stack(0x00000033bc400000,0x00000033bc500000)]
  0x0000018be5e3a000 JavaThread "Thread-9" [_thread_blocked, id=30208, stack(0x00000033b8200000,0x00000033b8300000)]

Other Threads:
  0x0000018be1531800 VMThread "VM Thread" [stack: 0x00000033b8b00000,0x00000033b8c00000] [id=17296]
  0x0000018be2f9a800 WatcherThread [stack: 0x00000033b9c00000,0x00000033b9d00000] [id=1444]
  0x0000018bbde6c000 GCTaskThread "GC Thread#0" [stack: 0x00000033b8600000,0x00000033b8700000] [id=27848]
  0x0000018be3041000 GCTaskThread "GC Thread#1" [stack: 0x00000033b9d00000,0x00000033b9e00000] [id=24264]
  0x0000018be303d000 GCTaskThread "GC Thread#2" [stack: 0x00000033b9e00000,0x00000033b9f00000] [id=24304]
  0x0000018be303e800 GCTaskThread "GC Thread#3" [stack: 0x00000033b9f00000,0x00000033ba000000] [id=1172]
  0x0000018be303f800 GCTaskThread "GC Thread#4" [stack: 0x00000033ba000000,0x00000033ba100000] [id=11572]
  0x0000018be303e000 GCTaskThread "GC Thread#5" [stack: 0x00000033ba100000,0x00000033ba200000] [id=21492]
  0x0000018be303c800 GCTaskThread "GC Thread#6" [stack: 0x00000033bb400000,0x00000033bb500000] [id=2704]
  0x0000018be3040000 GCTaskThread "GC Thread#7" [stack: 0x00000033bb500000,0x00000033bb600000] [id=3812]
  0x0000018bbdec8000 ConcurrentGCThread "G1 Main Marker" [stack: 0x00000033b8700000,0x00000033b8800000] [id=25808]
  0x0000018bbdecd800 ConcurrentGCThread "G1 Conc#0" [stack: 0x00000033b8800000,0x00000033b8900000] [id=21416]
  0x0000018be303b800 ConcurrentGCThread "G1 Conc#1" [stack: 0x00000033bab00000,0x00000033bac00000] [id=29360]
  0x0000018be141c000 ConcurrentGCThread "G1 Refine#0" [stack: 0x00000033b8900000,0x00000033b8a00000] [id=27388]
  0x0000018be141d000 ConcurrentGCThread "G1 Young RemSet Sampling" [stack: 0x00000033b8a00000,0x00000033b8b00000] [id=1928]

Threads with active compile tasks:

VM state:not at safepoint (normal execution)

VM Mutex/Monitor currently owned by a thread:  ([mutex/lock_event])
[0x0000018bbde4fcd0] ResolvedMethodTable_lock - owner thread: 0x0000018be7e01800

Heap address: 0x0000000705000000, size: 4016 MB, Compressed Oops mode: Zero based, Oop shift amount: 3
Narrow klass base: 0x0000000800000000, Narrow klass shift: 0
Compressed class space size: 1073741824 Address: 0x0000000800000000

Heap:
 garbage-first heap   total 153600K, used 93211K [0x0000000705000000, 0x0000000800000000)
  region size 1024K, 47 young (48128K), 7 survivors (7168K)
 Metaspace       used 79367K, capacity 81842K, committed 82096K, reserved 1120256K
  class space    used 10182K, capacity 11165K, committed 11264K, reserved 1048576K
Heap Regions: E=young(eden), S=young(survivor), O=old, HS=humongous(starts), HC=humongous(continues), CS=collection set, F=free, A=archive, TAMS=top-at-mark-start (previous, next)
|   0|0x0000000705000000, 0x0000000705100000, 0x0000000705100000|100%|HS|  |TAMS 0x0000000705000000, 0x0000000705000000| Untracked 
|   1|0x0000000705100000, 0x0000000705200000, 0x0000000705200000|100%|HS|  |TAMS 0x0000000705100000, 0x0000000705100000| Untracked 
|   2|0x0000000705200000, 0x0000000705300000, 0x0000000705300000|100%| O|  |TAMS 0x0000000705200000, 0x0000000705200000| Untracked 
|   3|0x0000000705300000, 0x00000007053fffe0, 0x0000000705400000| 99%| O|  |TAMS 0x0000000705300000, 0x0000000705300000| Untracked 
|   4|0x0000000705400000, 0x00000007054faea0, 0x0000000705500000| 98%| O|  |TAMS 0x0000000705400000, 0x0000000705400000| Untracked 
|   5|0x0000000705500000, 0x0000000705600000, 0x0000000705600000|100%| O|  |TAMS 0x0000000705500000, 0x0000000705500000| Untracked 
|   6|0x0000000705600000, 0x00000007056fffd8, 0x0000000705700000| 99%| O|  |TAMS 0x0000000705600000, 0x0000000705600000| Untracked 
|   7|0x0000000705700000, 0x00000007057fdfb0, 0x0000000705800000| 99%| O|  |TAMS 0x0000000705700000, 0x0000000705700000| Untracked 
|   8|0x0000000705800000, 0x00000007058fffc8, 0x0000000705900000| 99%| O|  |TAMS 0x0000000705800000, 0x0000000705800000| Untracked 
|   9|0x0000000705900000, 0x00000007059fff98, 0x0000000705a00000| 99%| O|  |TAMS 0x0000000705900000, 0x0000000705900000| Untracked 
|  10|0x0000000705a00000, 0x0000000705b00000, 0x0000000705b00000|100%| O|  |TAMS 0x0000000705a00000, 0x0000000705a00000| Untracked 
|  11|0x0000000705b00000, 0x0000000705bfffc8, 0x0000000705c00000| 99%| O|  |TAMS 0x0000000705b00000, 0x0000000705b00000| Untracked 
|  12|0x0000000705c00000, 0x0000000705d00000, 0x0000000705d00000|100%| O|  |TAMS 0x0000000705c00000, 0x0000000705c00000| Untracked 
|  13|0x0000000705d00000, 0x0000000705dffff8, 0x0000000705e00000| 99%| O|  |TAMS 0x0000000705d00000, 0x0000000705d00000| Untracked 
|  14|0x0000000705e00000, 0x0000000705effff8, 0x0000000705f00000| 99%| O|  |TAMS 0x0000000705e00000, 0x0000000705e00000| Untracked 
|  15|0x0000000705f00000, 0x0000000705ffffd8, 0x0000000706000000| 99%| O|  |TAMS 0x0000000705f00000, 0x0000000705f00000| Untracked 
|  16|0x0000000706000000, 0x0000000706100000, 0x0000000706100000|100%| O|  |TAMS 0x0000000706000000, 0x0000000706000000| Untracked 
|  17|0x0000000706100000, 0x00000007061fffb0, 0x0000000706200000| 99%| O|  |TAMS 0x0000000706100000, 0x0000000706100000| Untracked 
|  18|0x0000000706200000, 0x00000007062ffff8, 0x0000000706300000| 99%| O|  |TAMS 0x0000000706200000, 0x0000000706200000| Untracked 
|  19|0x0000000706300000, 0x00000007063ff0f0, 0x0000000706400000| 99%| O|  |TAMS 0x0000000706300000, 0x0000000706300000| Untracked 
|  20|0x0000000706400000, 0x00000007064faf70, 0x0000000706500000| 98%| O|  |TAMS 0x0000000706400000, 0x0000000706400000| Untracked 
|  21|0x0000000706500000, 0x00000007065ffff0, 0x0000000706600000| 99%| O|  |TAMS 0x0000000706500000, 0x0000000706500000| Untracked 
|  22|0x0000000706600000, 0x0000000706700000, 0x0000000706700000|100%| O|  |TAMS 0x0000000706600000, 0x0000000706600000| Untracked 
|  23|0x0000000706700000, 0x00000007067fffa8, 0x0000000706800000| 99%| O|  |TAMS 0x0000000706700000, 0x0000000706700000| Untracked 
|  24|0x0000000706800000, 0x0000000706900000, 0x0000000706900000|100%| O|  |TAMS 0x0000000706800000, 0x0000000706800000| Untracked 
|  25|0x0000000706900000, 0x00000007069fffc0, 0x0000000706a00000| 99%| O|  |TAMS 0x0000000706900000, 0x0000000706900000| Untracked 
|  26|0x0000000706a00000, 0x0000000706b00000, 0x0000000706b00000|100%| O|  |TAMS 0x0000000706a00000, 0x0000000706a00000| Untracked 
|  27|0x0000000706b00000, 0x0000000706bffff8, 0x0000000706c00000| 99%| O|  |TAMS 0x0000000706b00000, 0x0000000706b00000| Untracked 
|  28|0x0000000706c00000, 0x0000000706cfffe0, 0x0000000706d00000| 99%| O|  |TAMS 0x0000000706c00000, 0x0000000706c00000| Untracked 
|  29|0x0000000706d00000, 0x0000000706dffdc0, 0x0000000706e00000| 99%| O|  |TAMS 0x0000000706d00000, 0x0000000706d00000| Untracked 
|  30|0x0000000706e00000, 0x0000000706efffe8, 0x0000000706f00000| 99%| O|  |TAMS 0x0000000706e00000, 0x0000000706e00000| Untracked 
|  31|0x0000000706f00000, 0x0000000706ffffb0, 0x0000000707000000| 99%| O|  |TAMS 0x0000000706f00000, 0x0000000706f00000| Untracked 
|  32|0x0000000707000000, 0x0000000707100000, 0x0000000707100000|100%| O|  |TAMS 0x0000000707000000, 0x0000000707000000| Untracked 
|  33|0x0000000707100000, 0x0000000707200000, 0x0000000707200000|100%| O|  |TAMS 0x0000000707100000, 0x0000000707100000| Untracked 
|  34|0x0000000707200000, 0x00000007072ffff8, 0x0000000707300000| 99%| O|  |TAMS 0x0000000707200000, 0x0000000707200000| Untracked 
|  35|0x0000000707300000, 0x00000007073593e8, 0x0000000707400000| 34%| O|  |TAMS 0x0000000707300000, 0x0000000707300000| Untracked 
|  36|0x0000000707400000, 0x0000000707500000, 0x0000000707500000|100%| O|  |TAMS 0x0000000707400000, 0x0000000707400000| Untracked 
|  37|0x0000000707500000, 0x0000000707600000, 0x0000000707600000|100%| O|  |TAMS 0x0000000707500000, 0x0000000707500000| Untracked 
|  38|0x0000000707600000, 0x0000000707700000, 0x0000000707700000|100%| O|  |TAMS 0x0000000707600000, 0x0000000707600000| Untracked 
|  39|0x0000000707700000, 0x0000000707800000, 0x0000000707800000|100%| O|  |TAMS 0x0000000707700000, 0x0000000707700000| Untracked 
|  40|0x0000000707800000, 0x000000070780b600, 0x0000000707900000|  4%| O|  |TAMS 0x0000000707800000, 0x0000000707800000| Untracked 
|  41|0x0000000707900000, 0x0000000707900000, 0x0000000707a00000|  0%| F|  |TAMS 0x0000000707900000, 0x0000000707900000| Untracked 
|  42|0x0000000707a00000, 0x0000000707a00000, 0x0000000707b00000|  0%| F|  |TAMS 0x0000000707a00000, 0x0000000707a00000| Untracked 
|  43|0x0000000707b00000, 0x0000000707b00000, 0x0000000707c00000|  0%| F|  |TAMS 0x0000000707b00000, 0x0000000707b00000| Untracked 
|  44|0x0000000707c00000, 0x0000000707c00000, 0x0000000707d00000|  0%| F|  |TAMS 0x0000000707c00000, 0x0000000707c00000| Untracked 
|  45|0x0000000707d00000, 0x0000000707d00000, 0x0000000707e00000|  0%| F|  |TAMS 0x0000000707d00000, 0x0000000707d00000| Untracked 
|  46|0x0000000707e00000, 0x0000000707e00000, 0x0000000707f00000|  0%| F|  |TAMS 0x0000000707e00000, 0x0000000707e00000| Untracked 
|  47|0x0000000707f00000, 0x0000000707f00000, 0x0000000708000000|  0%| F|  |TAMS 0x0000000707f00000, 0x0000000707f00000| Untracked 
|  48|0x0000000708000000, 0x0000000708000000, 0x0000000708100000|  0%| F|  |TAMS 0x0000000708000000, 0x0000000708000000| Untracked 
|  49|0x0000000708100000, 0x0000000708100000, 0x0000000708200000|  0%| F|  |TAMS 0x0000000708100000, 0x0000000708100000| Untracked 
|  50|0x0000000708200000, 0x0000000708200000, 0x0000000708300000|  0%| F|  |TAMS 0x0000000708200000, 0x0000000708200000| Untracked 
|  51|0x0000000708300000, 0x0000000708300000, 0x0000000708400000|  0%| F|  |TAMS 0x0000000708300000, 0x0000000708300000| Untracked 
|  52|0x0000000708400000, 0x0000000708400000, 0x0000000708500000|  0%| F|  |TAMS 0x0000000708400000, 0x0000000708400000| Untracked 
|  53|0x0000000708500000, 0x0000000708500000, 0x0000000708600000|  0%| F|  |TAMS 0x0000000708500000, 0x0000000708500000| Untracked 
|  54|0x0000000708600000, 0x0000000708600000, 0x0000000708700000|  0%| F|  |TAMS 0x0000000708600000, 0x0000000708600000| Untracked 
|  55|0x0000000708700000, 0x0000000708800000, 0x0000000708800000|100%| S|CS|TAMS 0x0000000708700000, 0x0000000708700000| Complete 
|  56|0x0000000708800000, 0x0000000708900000, 0x0000000708900000|100%| S|CS|TAMS 0x0000000708800000, 0x0000000708800000| Complete 
|  57|0x0000000708900000, 0x0000000708a00000, 0x0000000708a00000|100%| S|CS|TAMS 0x0000000708900000, 0x0000000708900000| Complete 
|  58|0x0000000708a00000, 0x0000000708b00000, 0x0000000708b00000|100%| S|CS|TAMS 0x0000000708a00000, 0x0000000708a00000| Complete 
|  59|0x0000000708b00000, 0x0000000708c00000, 0x0000000708c00000|100%| S|CS|TAMS 0x0000000708b00000, 0x0000000708b00000| Complete 
|  60|0x0000000708c00000, 0x0000000708c00000, 0x0000000708d00000|  0%| F|  |TAMS 0x0000000708c00000, 0x0000000708c00000| Untracked 
|  61|0x0000000708d00000, 0x0000000708d00000, 0x0000000708e00000|  0%| F|  |TAMS 0x0000000708d00000, 0x0000000708d00000| Untracked 
|  62|0x0000000708e00000, 0x0000000708e00000, 0x0000000708f00000|  0%| F|  |TAMS 0x0000000708e00000, 0x0000000708e00000| Untracked 
|  63|0x0000000708f00000, 0x0000000708f00000, 0x0000000709000000|  0%| F|  |TAMS 0x0000000708f00000, 0x0000000708f00000| Untracked 
|  64|0x0000000709000000, 0x0000000709000000, 0x0000000709100000|  0%| F|  |TAMS 0x0000000709000000, 0x0000000709000000| Untracked 
|  65|0x0000000709100000, 0x0000000709100000, 0x0000000709200000|  0%| F|  |TAMS 0x0000000709100000, 0x0000000709100000| Untracked 
|  66|0x0000000709200000, 0x0000000709300000, 0x0000000709300000|100%| S|CS|TAMS 0x0000000709200000, 0x0000000709200000| Complete 
|  67|0x0000000709300000, 0x0000000709400000, 0x0000000709400000|100%| S|CS|TAMS 0x0000000709300000, 0x0000000709300000| Complete 
|  68|0x0000000709400000, 0x0000000709400000, 0x0000000709500000|  0%| F|  |TAMS 0x0000000709400000, 0x0000000709400000| Untracked 
|  69|0x0000000709500000, 0x0000000709500000, 0x0000000709600000|  0%| F|  |TAMS 0x0000000709500000, 0x0000000709500000| Untracked 
|  70|0x0000000709600000, 0x0000000709600000, 0x0000000709700000|  0%| F|  |TAMS 0x0000000709600000, 0x0000000709600000| Untracked 
|  71|0x0000000709700000, 0x0000000709700000, 0x0000000709800000|  0%| F|  |TAMS 0x0000000709700000, 0x0000000709700000| Untracked 
|  72|0x0000000709800000, 0x0000000709800000, 0x0000000709900000|  0%| F|  |TAMS 0x0000000709800000, 0x0000000709800000| Untracked 
|  73|0x0000000709900000, 0x0000000709900000, 0x0000000709a00000|  0%| F|  |TAMS 0x0000000709900000, 0x0000000709900000| Untracked 
|  74|0x0000000709a00000, 0x0000000709a00000, 0x0000000709b00000|  0%| F|  |TAMS 0x0000000709a00000, 0x0000000709a00000| Untracked 
|  75|0x0000000709b00000, 0x0000000709b00000, 0x0000000709c00000|  0%| F|  |TAMS 0x0000000709b00000, 0x0000000709b00000| Untracked 
|  76|0x0000000709c00000, 0x0000000709c00000, 0x0000000709d00000|  0%| F|  |TAMS 0x0000000709c00000, 0x0000000709c00000| Untracked 
|  77|0x0000000709d00000, 0x0000000709d00000, 0x0000000709e00000|  0%| F|  |TAMS 0x0000000709d00000, 0x0000000709d00000| Untracked 
|  78|0x0000000709e00000, 0x0000000709e00000, 0x0000000709f00000|  0%| F|  |TAMS 0x0000000709e00000, 0x0000000709e00000| Untracked 
|  79|0x0000000709f00000, 0x0000000709f00000, 0x000000070a000000|  0%| F|  |TAMS 0x0000000709f00000, 0x0000000709f00000| Untracked 
|  80|0x000000070a000000, 0x000000070a000000, 0x000000070a100000|  0%| F|  |TAMS 0x000000070a000000, 0x000000070a000000| Untracked 
|  81|0x000000070a100000, 0x000000070a100000, 0x000000070a200000|  0%| F|  |TAMS 0x000000070a100000, 0x000000070a100000| Untracked 
|  82|0x000000070a200000, 0x000000070a200000, 0x000000070a300000|  0%| F|  |TAMS 0x000000070a200000, 0x000000070a200000| Untracked 
|  83|0x000000070a300000, 0x000000070a300000, 0x000000070a400000|  0%| F|  |TAMS 0x000000070a300000, 0x000000070a300000| Untracked 
|  84|0x000000070a400000, 0x000000070a400000, 0x000000070a500000|  0%| F|  |TAMS 0x000000070a400000, 0x000000070a400000| Untracked 
|  85|0x000000070a500000, 0x000000070a500000, 0x000000070a600000|  0%| F|  |TAMS 0x000000070a500000, 0x000000070a500000| Untracked 
|  86|0x000000070a600000, 0x000000070a600000, 0x000000070a700000|  0%| F|  |TAMS 0x000000070a600000, 0x000000070a600000| Untracked 
|  87|0x000000070a700000, 0x000000070a700000, 0x000000070a800000|  0%| F|  |TAMS 0x000000070a700000, 0x000000070a700000| Untracked 
|  88|0x000000070a800000, 0x000000070a800000, 0x000000070a900000|  0%| F|  |TAMS 0x000000070a800000, 0x000000070a800000| Untracked 
|  89|0x000000070a900000, 0x000000070a900000, 0x000000070aa00000|  0%| F|  |TAMS 0x000000070a900000, 0x000000070a900000| Untracked 
|  90|0x000000070aa00000, 0x000000070aa00000, 0x000000070ab00000|  0%| F|  |TAMS 0x000000070aa00000, 0x000000070aa00000| Untracked 
|  91|0x000000070ab00000, 0x000000070ab00000, 0x000000070ac00000|  0%| F|  |TAMS 0x000000070ab00000, 0x000000070ab00000| Untracked 
|  92|0x000000070ac00000, 0x000000070ac00000, 0x000000070ad00000|  0%| F|  |TAMS 0x000000070ac00000, 0x000000070ac00000| Untracked 
|  93|0x000000070ad00000, 0x000000070ad00000, 0x000000070ae00000|  0%| F|  |TAMS 0x000000070ad00000, 0x000000070ad00000| Untracked 
|  94|0x000000070ae00000, 0x000000070ae00000, 0x000000070af00000|  0%| F|  |TAMS 0x000000070ae00000, 0x000000070ae00000| Untracked 
|  95|0x000000070af00000, 0x000000070af00000, 0x000000070b000000|  0%| F|  |TAMS 0x000000070af00000, 0x000000070af00000| Untracked 
|  96|0x000000070b000000, 0x000000070b000000, 0x000000070b100000|  0%| F|  |TAMS 0x000000070b000000, 0x000000070b000000| Untracked 
|  97|0x000000070b100000, 0x000000070b100000, 0x000000070b200000|  0%| F|  |TAMS 0x000000070b100000, 0x000000070b100000| Untracked 
|  98|0x000000070b200000, 0x000000070b2ffff0, 0x000000070b300000| 99%| O|  |TAMS 0x000000070b200000, 0x000000070b200000| Untracked 
|  99|0x000000070b300000, 0x000000070b300000, 0x000000070b400000|  0%| F|  |TAMS 0x000000070b300000, 0x000000070b300000| Untracked 
| 100|0x000000070b400000, 0x000000070b497ff0, 0x000000070b500000| 59%| O|  |TAMS 0x000000070b400000, 0x000000070b400000| Untracked 
| 101|0x000000070b500000, 0x000000070b500000, 0x000000070b600000|  0%| F|  |TAMS 0x000000070b500000, 0x000000070b500000| Untracked 
| 102|0x000000070b600000, 0x000000070b600000, 0x000000070b700000|  0%| F|  |TAMS 0x000000070b600000, 0x000000070b600000| Untracked 
| 103|0x000000070b700000, 0x000000070b704810, 0x000000070b800000|  1%| E|  |TAMS 0x000000070b700000, 0x000000070b700000| Complete 
| 104|0x000000070b800000, 0x000000070b900000, 0x000000070b900000|100%| E|CS|TAMS 0x000000070b800000, 0x000000070b800000| Complete 
| 105|0x000000070b900000, 0x000000070ba00000, 0x000000070ba00000|100%| E|CS|TAMS 0x000000070b900000, 0x000000070b900000| Complete 
| 106|0x000000070ba00000, 0x000000070bb00000, 0x000000070bb00000|100%| E|CS|TAMS 0x000000070ba00000, 0x000000070ba00000| Complete 
| 107|0x000000070bb00000, 0x000000070bc00000, 0x000000070bc00000|100%| E|CS|TAMS 0x000000070bb00000, 0x000000070bb00000| Complete 
| 108|0x000000070bc00000, 0x000000070bd00000, 0x000000070bd00000|100%| E|CS|TAMS 0x000000070bc00000, 0x000000070bc00000| Complete 
| 109|0x000000070bd00000, 0x000000070be00000, 0x000000070be00000|100%| E|CS|TAMS 0x000000070bd00000, 0x000000070bd00000| Complete 
| 110|0x000000070be00000, 0x000000070bf00000, 0x000000070bf00000|100%| E|CS|TAMS 0x000000070be00000, 0x000000070be00000| Complete 
| 111|0x000000070bf00000, 0x000000070c000000, 0x000000070c000000|100%| E|CS|TAMS 0x000000070bf00000, 0x000000070bf00000| Complete 
| 112|0x000000070c000000, 0x000000070c100000, 0x000000070c100000|100%| E|CS|TAMS 0x000000070c000000, 0x000000070c000000| Complete 
| 113|0x000000070c100000, 0x000000070c200000, 0x000000070c200000|100%| E|CS|TAMS 0x000000070c100000, 0x000000070c100000| Complete 
| 114|0x000000070c200000, 0x000000070c300000, 0x000000070c300000|100%| E|CS|TAMS 0x000000070c200000, 0x000000070c200000| Complete 
| 115|0x000000070c300000, 0x000000070c400000, 0x000000070c400000|100%| E|CS|TAMS 0x000000070c300000, 0x000000070c300000| Complete 
| 116|0x000000070c400000, 0x000000070c500000, 0x000000070c500000|100%| E|CS|TAMS 0x000000070c400000, 0x000000070c400000| Complete 
| 117|0x000000070c500000, 0x000000070c600000, 0x000000070c600000|100%| E|CS|TAMS 0x000000070c500000, 0x000000070c500000| Complete 
| 118|0x000000070c600000, 0x000000070c700000, 0x000000070c700000|100%| E|CS|TAMS 0x000000070c600000, 0x000000070c600000| Complete 
| 119|0x000000070c700000, 0x000000070c800000, 0x000000070c800000|100%| E|CS|TAMS 0x000000070c700000, 0x000000070c700000| Complete 
| 120|0x000000070c800000, 0x000000070c900000, 0x000000070c900000|100%| E|CS|TAMS 0x000000070c800000, 0x000000070c800000| Complete 
| 121|0x000000070c900000, 0x000000070ca00000, 0x000000070ca00000|100%| E|CS|TAMS 0x000000070c900000, 0x000000070c900000| Complete 
| 122|0x000000070ca00000, 0x000000070cb00000, 0x000000070cb00000|100%| E|CS|TAMS 0x000000070ca00000, 0x000000070ca00000| Complete 
| 123|0x000000070cb00000, 0x000000070cc00000, 0x000000070cc00000|100%| E|CS|TAMS 0x000000070cb00000, 0x000000070cb00000| Complete 
| 124|0x000000070cc00000, 0x000000070cd00000, 0x000000070cd00000|100%| E|CS|TAMS 0x000000070cc00000, 0x000000070cc00000| Complete 
| 125|0x000000070cd00000, 0x000000070ce00000, 0x000000070ce00000|100%| E|CS|TAMS 0x000000070cd00000, 0x000000070cd00000| Complete 
| 126|0x000000070ce00000, 0x000000070cf00000, 0x000000070cf00000|100%| E|CS|TAMS 0x000000070ce00000, 0x000000070ce00000| Complete 
| 127|0x000000070cf00000, 0x000000070d000000, 0x000000070d000000|100%| E|CS|TAMS 0x000000070cf00000, 0x000000070cf00000| Complete 
| 128|0x000000070d000000, 0x000000070d05f2e0, 0x000000070d100000| 37%| O|  |TAMS 0x000000070d000000, 0x000000070d000000| Untracked 
| 129|0x000000070d100000, 0x000000070d1ffff0, 0x000000070d200000| 99%| O|  |TAMS 0x000000070d100000, 0x000000070d100000| Untracked 
| 130|0x000000070d200000, 0x000000070d2993c0, 0x000000070d300000| 59%| O|  |TAMS 0x000000070d200000, 0x000000070d200000| Untracked 
| 131|0x000000070d300000, 0x000000070d3fffd8, 0x000000070d400000| 99%| O|  |TAMS 0x000000070d300000, 0x000000070d300000| Untracked 
| 132|0x000000070d400000, 0x000000070d46f9e0, 0x000000070d500000| 43%| O|  |TAMS 0x000000070d400000, 0x000000070d400000| Untracked 
| 133|0x000000070d500000, 0x000000070d600000, 0x000000070d600000|100%| E|CS|TAMS 0x000000070d500000, 0x000000070d500000| Complete 
| 134|0x000000070d600000, 0x000000070d700000, 0x000000070d700000|100%| E|CS|TAMS 0x000000070d600000, 0x000000070d600000| Complete 
| 135|0x000000070d700000, 0x000000070d800000, 0x000000070d800000|100%| E|CS|TAMS 0x000000070d700000, 0x000000070d700000| Complete 
| 136|0x000000070d800000, 0x000000070d8a9200, 0x000000070d900000| 66%| O|  |TAMS 0x000000070d800000, 0x000000070d800000| Untracked 
| 137|0x000000070d900000, 0x000000070da00000, 0x000000070da00000|100%| E|CS|TAMS 0x000000070d900000, 0x000000070d900000| Complete 
| 138|0x000000070da00000, 0x000000070da06690, 0x000000070db00000|  2%| O|  |TAMS 0x000000070da00000, 0x000000070da00000| Untracked 
| 139|0x000000070db00000, 0x000000070dc00000, 0x000000070dc00000|100%| E|CS|TAMS 0x000000070db00000, 0x000000070db00000| Complete 
| 140|0x000000070dc00000, 0x000000070dd00000, 0x000000070dd00000|100%| E|CS|TAMS 0x000000070dc00000, 0x000000070dc00000| Complete 
| 141|0x000000070dd00000, 0x000000070de00000, 0x000000070de00000|100%| E|CS|TAMS 0x000000070dd00000, 0x000000070dd00000| Complete 
| 142|0x000000070de00000, 0x000000070df00000, 0x000000070df00000|100%| E|CS|TAMS 0x000000070de00000, 0x000000070de00000| Complete 
| 143|0x000000070df00000, 0x000000070e000000, 0x000000070e000000|100%| E|CS|TAMS 0x000000070df00000, 0x000000070df00000| Complete 
| 144|0x000000070e000000, 0x000000070e100000, 0x000000070e100000|100%| E|CS|TAMS 0x000000070e000000, 0x000000070e000000| Complete 
| 145|0x000000070e100000, 0x000000070e200000, 0x000000070e200000|100%| E|CS|TAMS 0x000000070e100000, 0x000000070e100000| Complete 
| 146|0x000000070e200000, 0x000000070e300000, 0x000000070e300000|100%| E|CS|TAMS 0x000000070e200000, 0x000000070e200000| Complete 
| 147|0x000000070e300000, 0x000000070e400000, 0x000000070e400000|100%| E|CS|TAMS 0x000000070e300000, 0x000000070e300000| Complete 
| 148|0x000000070e400000, 0x000000070e500000, 0x000000070e500000|100%| E|CS|TAMS 0x000000070e400000, 0x000000070e400000| Complete 
| 149|0x000000070e500000, 0x000000070e600000, 0x000000070e600000|100%| E|CS|TAMS 0x000000070e500000, 0x000000070e500000| Complete 

Card table byte_map: [0x0000018bd5c70000,0x0000018bd6450000] _byte_map_base: 0x0000018bd2448000

Marking Bits (Prev, Next): (CMBitMap*) 0x0000018bbdeb7d00, (CMBitMap*) 0x0000018bbdeb7cc8
 Prev Bits: [0x0000018bdaaf0000, 0x0000018bde9b0000)
 Next Bits: [0x0000018bd6c30000, 0x0000018bdaaf0000)

Polling page: 0x0000018bbd610000

Metaspace:

Usage:
  Non-class:     69.02 MB capacity,    67.56 MB ( 98%) used,     1.17 MB (  2%) free+waste,   291.75 KB ( <1%) overhead. 
      Class:     10.90 MB capacity,     9.94 MB ( 91%) used,   840.77 KB (  8%) free+waste,   141.56 KB (  1%) overhead. 
       Both:     79.92 MB capacity,    77.51 MB ( 97%) used,     1.99 MB (  2%) free+waste,   433.31 KB ( <1%) overhead. 

Virtual space:
  Non-class space:       70.00 MB reserved,      69.17 MB ( 99%) committed 
      Class space:        1.00 GB reserved,      11.00 MB (  1%) committed 
             Both:        1.07 GB reserved,      80.17 MB (  7%) committed 

Chunk freelists:
   Non-Class:  3.38 KB
       Class:  128 bytes
        Both:  3.50 KB

CodeHeap 'non-profiled nmethods': size=238336Kb used=18952Kb max_used=18952Kb free=219383Kb
 bounds [0x0000018bc6890000, 0x0000018bc7b20000, 0x0000018bd5150000]
CodeHeap 'non-nmethods': size=7424Kb used=1387Kb max_used=3072Kb free=6037Kb
 bounds [0x0000018bc6150000, 0x0000018bc6460000, 0x0000018bc6890000]
 total_blobs=10824 nmethods=10083 adapters=606
 compilation: enabled
              stopped_count=0, restarted_count=0
 full_count=0

Compilation events (10 events):
Event: 828.820 Thread 0x0000018be1e51000 10131       1       org.springframework.boot.devtools.filewatch.DirectorySnapshot::acceptChangedFile (23 bytes)
Event: 828.821 Thread 0x0000018be1e51000 nmethod 10131 0x0000018bc7b10a10 code [0x0000018bc7b10bc0, 0x0000018bc7b10d50]
Event: 828.974 Thread 0x0000018be1e51000 10132       1       org.apache.catalina.ContainerEvent::getType (5 bytes)
Event: 828.974 Thread 0x0000018be1e51000 nmethod 10132 0x0000018bc7b10e10 code [0x0000018bc7b10fc0, 0x0000018bc7b110d8]
Event: 831.201 Thread 0x0000018be1e51000 10133       1       org.apache.catalina.core.StandardContext::getInstanceManager (5 bytes)
Event: 831.201 Thread 0x0000018be1e51000 nmethod 10133 0x0000018bc7b11190 code [0x0000018bc7b11340, 0x0000018bc7b11458]
Event: 831.209 Thread 0x0000018be1e51000 10134       1       java.util.concurrent.locks.AbstractQueuedSynchronizer::shouldParkAfterFailedAcquire (50 bytes)
Event: 831.210 Thread 0x0000018be1e51000 nmethod 10134 0x0000018bc7b11510 code [0x0000018bc7b11720, 0x0000018bc7b11bb0]
Event: 831.210 Thread 0x0000018be1e51000 10135       1       java.util.concurrent.locks.AbstractQueuedSynchronizer$Node::<init> (20 bytes)
Event: 831.211 Thread 0x0000018be1e51000 nmethod 10135 0x0000018bc7b11f10 code [0x0000018bc7b12120, 0x0000018bc7b12580]

GC Heap History (10 events):
Event: 600.961 GC heap before
{Heap before GC invocations=15 (full 1):
 garbage-first heap   total 153600K, used 122861K [0x0000000705000000, 0x0000000800000000)
  region size 1024K, 80 young (81920K), 0 survivors (0K)
 Metaspace       used 78367K, capacity 80801K, committed 80944K, reserved 1120256K
  class space    used 10079K, capacity 11044K, committed 11136K, reserved 1048576K
}
Event: 600.964 GC heap after
{Heap after GC invocations=16 (full 1):
 garbage-first heap   total 153600K, used 47434K [0x0000000705000000, 0x0000000800000000)
  region size 1024K, 6 young (6144K), 6 survivors (6144K)
 Metaspace       used 78367K, capacity 80801K, committed 80944K, reserved 1120256K
  class space    used 10079K, capacity 11044K, committed 11136K, reserved 1048576K
}
Event: 601.204 GC heap before
{Heap before GC invocations=16 (full 1):
 garbage-first heap   total 153600K, used 122186K [0x0000000705000000, 0x0000000800000000)
  region size 1024K, 80 young (81920K), 6 survivors (6144K)
 Metaspace       used 78516K, capacity 80951K, committed 81200K, reserved 1120256K
  class space    used 10100K, capacity 11087K, committed 11136K, reserved 1048576K
}
Event: 601.207 GC heap after
{Heap after GC invocations=17 (full 1):
 garbage-first heap   total 153600K, used 47028K [0x0000000705000000, 0x0000000800000000)
  region size 1024K, 5 young (5120K), 5 survivors (5120K)
 Metaspace       used 78516K, capacity 80951K, committed 81200K, reserved 1120256K
  class space    used 10100K, capacity 11087K, committed 11136K, reserved 1048576K
}
Event: 601.551 GC heap before
{Heap before GC invocations=17 (full 1):
 garbage-first heap   total 153600K, used 123828K [0x0000000705000000, 0x0000000800000000)
  region size 1024K, 81 young (82944K), 5 survivors (5120K)
 Metaspace       used 78609K, capacity 81078K, committed 81200K, reserved 1120256K
  class space    used 10114K, capacity 11098K, committed 11136K, reserved 1048576K
}
Event: 601.553 GC heap after
{Heap after GC invocations=18 (full 1):
 garbage-first heap   total 153600K, used 48488K [0x0000000705000000, 0x0000000800000000)
  region size 1024K, 7 young (7168K), 7 survivors (7168K)
 Metaspace       used 78609K, capacity 81078K, committed 81200K, reserved 1120256K
  class space    used 10114K, capacity 11098K, committed 11136K, reserved 1048576K
}
Event: 601.816 GC heap before
{Heap before GC invocations=18 (full 1):
 garbage-first heap   total 153600K, used 124264K [0x0000000705000000, 0x0000000800000000)
  region size 1024K, 82 young (83968K), 7 survivors (7168K)
 Metaspace       used 79222K, capacity 81703K, committed 81840K, reserved 1120256K
  class space    used 10163K, capacity 11146K, committed 11264K, reserved 1048576K
}
Event: 601.819 GC heap after
{Heap after GC invocations=19 (full 1):
 garbage-first heap   total 153600K, used 50437K [0x0000000705000000, 0x0000000800000000)
  region size 1024K, 6 young (6144K), 6 survivors (6144K)
 Metaspace       used 79222K, capacity 81703K, committed 81840K, reserved 1120256K
  class space    used 10163K, capacity 11146K, committed 11264K, reserved 1048576K
}
Event: 625.690 GC heap before
{Heap before GC invocations=19 (full 1):
 garbage-first heap   total 153600K, used 125189K [0x0000000705000000, 0x0000000800000000)
  region size 1024K, 79 young (80896K), 6 survivors (6144K)
 Metaspace       used 79297K, capacity 81772K, committed 82096K, reserved 1120256K
  class space    used 10176K, capacity 11163K, committed 11264K, reserved 1048576K
}
Event: 625.694 GC heap after
{Heap after GC invocations=20 (full 1):
 garbage-first heap   total 153600K, used 53275K [0x0000000705000000, 0x0000000800000000)
  region size 1024K, 7 young (7168K), 7 survivors (7168K)
 Metaspace       used 79297K, capacity 81772K, committed 82096K, reserved 1120256K
  class space    used 10176K, capacity 11163K, committed 11264K, reserved 1048576K
}

Deoptimization events (0 events):
No events

Classes redefined (4 events):
Event: 827.469 Thread 0x0000018be1531800 redefined class name=kr.co.igns.framework.comm.controller.LoginController, count=1
Event: 827.505 Thread 0x0000018be1531800 redefined class name=kr.co.igns.framework.comm.controller.LoginController, count=1
Event: 827.536 Thread 0x0000018be1531800 redefined class name=kr.co.igns.framework.comm.service.LoginService, count=1
Event: 827.563 Thread 0x0000018be1531800 redefined class name=kr.co.igns.framework.comm.service.LoginService, count=1

Internal exceptions (10 events):
Event: 602.560 Thread 0x0000018be7df8800 Exception <a 'java/lang/ClassNotFoundException'{0x000000070a85e0a8}: > (0x000000070a85e0a8) thrown at [t:/workspace/open/src/hotspot/share/prims/jni.cpp, line 636]
Event: 602.560 Thread 0x0000018be7df8800 Exception <a 'java/lang/ClassNotFoundException'{0x000000070a860e20}: > (0x000000070a860e20) thrown at [t:/workspace/open/src/hotspot/share/prims/jni.cpp, line 636]
Event: 602.560 Thread 0x0000018be7df8800 Exception <a 'java/lang/ClassNotFoundException'{0x000000070a863c70}: > (0x000000070a863c70) thrown at [t:/workspace/open/src/hotspot/share/prims/jni.cpp, line 636]
Event: 602.608 Thread 0x0000018be7df8800 Exception <a 'java/lang/ClassNotFoundException'{0x000000070a05dcd8}: kr/co/igns/framework/file/model/FileDtoBeanInfo> (0x000000070a05dcd8) thrown at [t:/workspace/open/src/hotspot/share/classfile/systemDictionary.cpp, line 231]
Event: 602.608 Thread 0x0000018be7df8800 Exception <a 'java/lang/ClassNotFoundException'{0x000000070a05f720}: java/lang/ObjectBeanInfo> (0x000000070a05f720) thrown at [t:/workspace/open/src/hotspot/share/classfile/systemDictionary.cpp, line 231]
Event: 602.608 Thread 0x0000018be7df8800 Exception <a 'java/lang/ClassNotFoundException'{0x000000070a061198}: java/lang/ObjectCustomizer> (0x000000070a061198) thrown at [t:/workspace/open/src/hotspot/share/classfile/systemDictionary.cpp, line 231]
Event: 602.609 Thread 0x0000018be7df8800 Exception <a 'java/lang/ClassNotFoundException'{0x000000070a07b6b8}: kr/co/igns/framework/file/model/FileDtoCustomizer> (0x000000070a07b6b8) thrown at [t:/workspace/open/src/hotspot/share/classfile/systemDictionary.cpp, line 231]
Event: 602.621 Thread 0x0000018be7df8800 Exception <a 'java/lang/ClassNotFoundException'{0x0000000709e18ed8}: > (0x0000000709e18ed8) thrown at [t:/workspace/open/src/hotspot/share/prims/jni.cpp, line 636]
Event: 602.621 Thread 0x0000018be7df8800 Exception <a 'java/lang/ClassNotFoundException'{0x0000000709e1bf50}: > (0x0000000709e1bf50) thrown at [t:/workspace/open/src/hotspot/share/prims/jni.cpp, line 636]
Event: 602.621 Thread 0x0000018be7df8800 Exception <a 'java/lang/ClassNotFoundException'{0x0000000709e1f0a0}: > (0x0000000709e1f0a0) thrown at [t:/workspace/open/src/hotspot/share/prims/jni.cpp, line 636]

Events (10 events):
Event: 834.910 Executing VM operation: GetFrameCount
Event: 834.910 Executing VM operation: GetFrameCount done
Event: 834.910 Executing VM operation: GetFrameCount
Event: 834.910 Executing VM operation: GetFrameCount done
Event: 834.910 Executing VM operation: GetStackTrace
Event: 834.910 Executing VM operation: GetStackTrace done
Event: 834.910 Executing VM operation: GetFrameLocation
Event: 834.910 Executing VM operation: GetFrameLocation done
Event: 834.910 Executing VM operation: GetOrSetLocal
Event: 834.910 Executing VM operation: GetOrSetLocal done


Dynamic libraries:
0x00007ff75a9c0000 - 0x00007ff75aa05000 	C:\hiway4_toolkit\jdk-11.0.2\bin\javaw.exe
0x00007ffd3b9d0000 - 0x00007ffd3bbc5000 	C:\windows\SYSTEM32\ntdll.dll
0x00007ffd3ac50000 - 0x00007ffd3ad0d000 	C:\windows\System32\KERNEL32.DLL
0x00007ffd39100000 - 0x00007ffd393c9000 	C:\windows\System32\KERNELBASE.dll
0x00007ffd3a750000 - 0x00007ffd3a8f0000 	C:\windows\System32\USER32.dll
0x00007ffd39810000 - 0x00007ffd39832000 	C:\windows\System32\win32u.dll
0x00007ffd3a530000 - 0x00007ffd3a55a000 	C:\windows\System32\GDI32.dll
0x00007ffd393d0000 - 0x00007ffd394db000 	C:\windows\System32\gdi32full.dll
0x00007ffd39740000 - 0x00007ffd397dd000 	C:\windows\System32\msvcp_win.dll
0x00007ffd39640000 - 0x00007ffd39740000 	C:\windows\System32\ucrtbase.dll
0x00007ffd29200000 - 0x00007ffd2949a000 	C:\windows\WinSxS\amd64_microsoft.windows.common-controls_6595b64144ccf1df_6.0.19041.1110_none_60b5254171f9507e\COMCTL32.dll
0x00007ffd39a30000 - 0x00007ffd39ace000 	C:\windows\System32\msvcrt.dll
0x00007ffd39ad0000 - 0x00007ffd39b00000 	C:\windows\System32\IMM32.DLL
0x00007ffd28e80000 - 0x00007ffd28e96000 	C:\hiway4_toolkit\jdk-11.0.2\bin\vcruntime140.dll
0x00007ffce18a0000 - 0x00007ffce194a000 	C:\hiway4_toolkit\jdk-11.0.2\bin\msvcp140.dll
0x00007ffc9e550000 - 0x00007ffc9f073000 	C:\hiway4_toolkit\jdk-11.0.2\bin\server\jvm.dll
0x00007ffd39b00000 - 0x00007ffd39bac000 	C:\windows\System32\ADVAPI32.dll
0x00007ffd3b460000 - 0x00007ffd3b4fb000 	C:\windows\System32\sechost.dll
0x00007ffd3a400000 - 0x00007ffd3a52a000 	C:\windows\System32\RPCRT4.dll
0x00007ffd3ad10000 - 0x00007ffd3ad18000 	C:\windows\System32\PSAPI.DLL
0x00007ffd17820000 - 0x00007ffd17829000 	C:\windows\SYSTEM32\WSOCK32.dll
0x00007ffd22350000 - 0x00007ffd22377000 	C:\windows\SYSTEM32\WINMM.dll
0x00007ffd2a620000 - 0x00007ffd2a62a000 	C:\windows\SYSTEM32\VERSION.dll
0x00007ffd3b500000 - 0x00007ffd3b56b000 	C:\windows\System32\WS2_32.dll
0x00007ffd37970000 - 0x00007ffd37982000 	C:\windows\SYSTEM32\kernel.appcore.dll
0x00007ffd28e60000 - 0x00007ffd28e71000 	C:\hiway4_toolkit\jdk-11.0.2\bin\verify.dll
0x00007ffd37680000 - 0x00007ffd37864000 	C:\windows\SYSTEM32\DBGHELP.DLL
0x00007ffd28f80000 - 0x00007ffd28fac000 	C:\windows\SYSTEM32\dbgcore.DLL
0x00007ffd39840000 - 0x00007ffd398c3000 	C:\windows\System32\bcryptPrimitives.dll
0x00007ffce1870000 - 0x00007ffce1898000 	C:\hiway4_toolkit\jdk-11.0.2\bin\java.dll
0x00007ffd06cf0000 - 0x00007ffd06d27000 	C:\hiway4_toolkit\jdk-11.0.2\bin\jdwp.dll
0x00007ffd38fc0000 - 0x00007ffd38ff1000 	C:\windows\SYSTEM32\SspiCli.dll
0x00007ffd035a0000 - 0x00007ffd035b6000 	C:\hiway4_toolkit\jdk-11.0.2\bin\zip.dll
0x00007ffd28fb0000 - 0x00007ffd28fba000 	C:\hiway4_toolkit\jdk-11.0.2\bin\jimage.dll
0x00007ffd3ad20000 - 0x00007ffd3b45f000 	C:\windows\System32\SHELL32.dll
0x00007ffd36e30000 - 0x00007ffd375c0000 	C:\windows\SYSTEM32\windows.storage.dll
0x00007ffd3a8f0000 - 0x00007ffd3ac45000 	C:\windows\System32\combase.dll
0x00007ffd38b60000 - 0x00007ffd38b8c000 	C:\windows\SYSTEM32\Wldp.dll
0x00007ffd3a320000 - 0x00007ffd3a3ce000 	C:\windows\System32\SHCORE.dll
0x00007ffd3b650000 - 0x00007ffd3b6a5000 	C:\windows\System32\shlwapi.dll
0x00007ffd39040000 - 0x00007ffd3905f000 	C:\windows\SYSTEM32\profapi.dll
0x00007ffd30b40000 - 0x00007ffd30b4a000 	C:\hiway4_toolkit\jdk-11.0.2\bin\dt_socket.dll
0x00007ffd388c0000 - 0x00007ffd3892a000 	C:\windows\System32\mswsock.dll
0x00007ffd385b0000 - 0x00007ffd3867c000 	C:\windows\SYSTEM32\DNSAPI.dll
0x00007ffd38560000 - 0x00007ffd3859b000 	C:\windows\SYSTEM32\IPHLPAPI.DLL
0x00007ffd3a140000 - 0x00007ffd3a148000 	C:\windows\System32\NSI.dll
0x00007ffd29890000 - 0x00007ffd2990f000 	C:\windows\System32\fwpuclnt.dll
0x00007ffd397e0000 - 0x00007ffd39807000 	C:\windows\System32\bcrypt.dll
0x00007ffd29bd0000 - 0x00007ffd29bda000 	C:\Windows\System32\rasadhlp.dll
0x00007ffceb4b0000 - 0x00007ffceb4c9000 	C:\hiway4_toolkit\jdk-11.0.2\bin\net.dll
0x00007ffd2f7f0000 - 0x00007ffd2f8f8000 	C:\windows\SYSTEM32\WINHTTP.dll
0x00007ffd21be0000 - 0x00007ffd21dcc000 	C:\windows\SYSTEM32\urlmon.dll
0x00007ffd27ef0000 - 0x00007ffd281a0000 	C:\windows\SYSTEM32\iertutil.dll
0x00007ffd21bb0000 - 0x00007ffd21bd8000 	C:\windows\SYSTEM32\srvcli.dll
0x00007ffd385a0000 - 0x00007ffd385ac000 	C:\windows\SYSTEM32\netutils.dll
0x00007ffceb480000 - 0x00007ffceb493000 	C:\hiway4_toolkit\jdk-11.0.2\bin\nio.dll
0x00007ffd30b10000 - 0x00007ffd30b19000 	C:\hiway4_toolkit\jdk-11.0.2\bin\management.dll
0x00007ffd2f3e0000 - 0x00007ffd2f3ec000 	C:\hiway4_toolkit\jdk-11.0.2\bin\management_ext.dll
0x00007ffd06c50000 - 0x00007ffd06c67000 	C:\windows\system32\napinsp.dll
0x00007ffd06c30000 - 0x00007ffd06c4b000 	C:\windows\system32\pnrpnsp.dll
0x00007ffd2fb10000 - 0x00007ffd2fb25000 	C:\windows\system32\wshbth.dll
0x00007ffd30ae0000 - 0x00007ffd30afd000 	C:\windows\system32\NLAapi.dll
0x00007ffd06c10000 - 0x00007ffd06c22000 	C:\windows\System32\winrnr.dll
0x00007ffd38ab0000 - 0x00007ffd38ac8000 	C:\windows\SYSTEM32\CRYPTSP.dll
0x00007ffd381d0000 - 0x00007ffd38204000 	C:\windows\system32\rsaenh.dll
0x00007ffd39000000 - 0x00007ffd3902e000 	C:\windows\SYSTEM32\USERENV.dll
0x00007ffd38ad0000 - 0x00007ffd38adc000 	C:\windows\SYSTEM32\CRYPTBASE.dll
0x00007ffd2bbe0000 - 0x00007ffd2bbf7000 	C:\windows\SYSTEM32\dhcpcsvc6.DLL
0x00007ffd2bbc0000 - 0x00007ffd2bbdd000 	C:\windows\SYSTEM32\dhcpcsvc.DLL
0x00007ffce7350000 - 0x00007ffce7377000 	C:\hiway4_toolkit\jdk-11.0.2\bin\sunec.dll

dbghelp: loaded successfully - version: 4.0.5 - missing functions: none
symbol engine: initialized successfully - sym options: 0x614 - pdb path: .;C:\hiway4_toolkit\jdk-11.0.2\bin;C:\windows\SYSTEM32;C:\windows\WinSxS\amd64_microsoft.windows.common-controls_6595b64144ccf1df_6.0.19041.1110_none_60b5254171f9507e;C:\hiway4_toolkit\jdk-11.0.2\bin\server

VM Arguments:
jvm_args: -agentlib:jdwp=transport=dt_socket,suspend=y,address=localhost:56434 -Dcom.sun.management.jmxremote -Dcom.sun.management.jmxremote.port=56432 -Dcom.sun.management.jmxremote.authenticate=false -Dcom.sun.management.jmxremote.ssl=false -Djava.rmi.server.hostname=localhost -Dspring.application.admin.enabled=true -Xverify:none -XX:TieredStopAtLevel=1 -Dfile.encoding=UTF-8 
java_command: kr.co.igns.IgnsApplication --spring.output.ansi.enabled=always
java_class_path (initial): F:\KaistProject\Source\backend\igns\bin\main;C:\hiway4_toolkit\gradle\caches\modules-2\files-2.1\org.apache.httpcomponents\httpclient\4.5.13\e5f6cae5ca7ecaac1ec2827a9e2d65ae2869cada\httpclient-4.5.13.jar;C:\hiway4_toolkit\gradle\caches\modules-2\files-2.1\com.googlecode.json-simple\json-simple\1.1\5e303a03d04e6788dddfa3655272580ae0fc13bb\json-simple-1.1.jar;C:\hiway4_toolkit\gradle\caches\modules-2\files-2.1\io.springfox\springfox-swagger2\2.9.2\362676bc7f4c6f9f1d568741becab0dfc198c898\springfox-swagger2-2.9.2.jar;C:\hiway4_toolkit\gradle\caches\modules-2\files-2.1\io.swagger\swagger-models\1.5.21\34db9d454eddd4aae587b82320afd7b5970f8a1f\swagger-models-1.5.21.jar;C:\hiway4_toolkit\gradle\caches\modules-2\files-2.1\org.thymeleaf.extras\thymeleaf-extras-springsecurity5\3.0.4.RELEASE\88bb10bf73ce285208dd848e8eb17f897ebb02d4\thymeleaf-extras-springsecurity5-3.0.4.RELEASE.jar;C:\hiway4_toolkit\gradle\caches\modules-2\files-2.1\org.springframework.boot\spring-boot-starter-data-jpa\2.3.3.RELEASE\b71e2ec26c835ff528b7e845f875f8953ae56c66\spring-boot-starter-data-jpa-2.3.3.RELEASE.jar;C:\hiway4_toolkit\gradle\caches\modules-2\files-2.1\org.springframework.data\spring-data-jpa\2.3.3.RELEASE\747f45feef25fccd5bd74621255f469187797ded\spring-data-jpa-2.3.3.RELEASE.jar;C:\hiway4_toolkit\gradle\caches\modules-2\files-2.1\org.springframework.boot\spring-boot-starter-data-redis\2.3.3.RELEASE\971f7e1fb22d1691d79f0c00e255c418ea0b1aa5\spring-boot-starter-data-redis-2.3.3.RELEASE.jar;C:\hiway4_toolkit\gradle\caches\modules-2\files-2.1\org.springframework.data\spring-data-redis\2.3.3.RELEASE\9b858f8dd52d439cc9c78f3614345947f224be9f\spring-data-redis-2.3.3.RELEASE.jar;C:\hiway4_toolkit\gradle\caches\modules-2\files-2.1\org.springframework.data\spring-data-keyvalue\2.3.3.RELEASE\ed37d9eba6fa7ca8e9ccc8e9bf9291ac17c25a4\spring-data-keyvalue-2.3.3.RELEASE.jar;C:\hiway4_toolkit\gradle\caches\modules-2\files-2.1\org.springframework.data\spring-data-commons\2.3.3.RELEA
Launcher Type: SUN_STANDARD

[Global flags]
     bool BytecodeVerificationLocal                = false                                     {product} {command line}
     bool BytecodeVerificationRemote               = false                                     {product} {command line}
     intx CICompilerCount                          = 4                                         {product} {ergonomic}
     uint ConcGCThreads                            = 2                                         {product} {ergonomic}
     uint G1ConcRefinementThreads                  = 8                                         {product} {ergonomic}
   size_t G1HeapRegionSize                         = 1048576                                   {product} {ergonomic}
    uintx GCDrainStackTargetSize                   = 64                                        {product} {ergonomic}
   size_t InitialHeapSize                          = 264241152                                 {product} {ergonomic}
     bool ManagementServer                         = true                                      {product} {command line}
   size_t MarkStackSize                            = 4194304                                   {product} {ergonomic}
   size_t MaxHeapSize                              = 4211081216                                {product} {ergonomic}
   size_t MaxNewSize                               = 2526019584                                {product} {ergonomic}
   size_t MinHeapDeltaBytes                        = 1048576                                   {product} {ergonomic}
    uintx NonNMethodCodeHeapSize                   = 7549744                                {pd product} {ergonomic}
    uintx NonProfiledCodeHeapSize                  = 244108496                              {pd product} {ergonomic}
    uintx ProfiledCodeHeapSize                     = 0                                      {pd product} {ergonomic}
    uintx ReservedCodeCacheSize                    = 251658240                              {pd product} {ergonomic}
     bool SegmentedCodeCache                       = true                                      {product} {ergonomic}
     intx TieredStopAtLevel                        = 1                                         {product} {command line}
     bool UseCompressedClassPointers               = true                                 {lp64_product} {ergonomic}
     bool UseCompressedOops                        = true                                 {lp64_product} {ergonomic}
     bool UseG1GC                                  = true                                      {product} {ergonomic}
     bool UseLargePagesIndividualAllocation        = false                                  {pd product} {ergonomic}

Logging:
Log output configuration:
 #0: stdout all=warning uptime,level,tags
 #1: stderr all=off uptime,level,tags

Environment Variables:
JAVA_HOME=C:\hiway4_toolkit\jdk-11.0.2
CLASSPATH=C:\Program Files\Java\jdk-9.0.4\lib
PATH=C:\ProgramData\Oracle\Java\javapath;C:\windows\system32;C:\windows;C:\windows\System32\Wbem;C:\windows\System32\WindowsPowerShell\v1.0\;C:\windows\System32\OpenSSH\;D:\flutter\flutter\bin;C:\Program Files\dotnet\;C:\Program Files\Microsoft SQL Server\130\Tools\Binn\;C:\Program Files\Microsoft SQL Server\Client SDK\ODBC\170\Tools\Binn\;c:\Program Files (x86)\Microsoft SQL Server\110\Tools\Binn\;c:\Program Files\Microsoft SQL Server\110\Tools\Binn\;c:\Program Files\Microsoft SQL Server\110\DTS\Binn\;C:\Program Files\TortoiseGit\bin;C:\Program Files\Git\cmd;C:\Program Files (x86)\dotnet\;C:\Users\beany\Downloads\WINDOWS.X64_193000_db_home\bin;C:\app\beany\product\11.2.0\client_1\bin;C:\Users\beany\AppData\Local\Android\Sdk\platform-tools;C:\hiway4_toolkit\jdk-11.0.2\bin;C:\hiway4_toolkit\gradle\bin;C:\Program Files\nodejs\;C:\Users\beany\AppData\Local\Microsoft\WindowsApps;C:\Users\beany\.dotnet\tools;C:\Users\beany\AppData\Local\Programs\Microsoft VS Code\bin;C:\Users\beany\AppData\Roaming\npm
OS=Windows_NT
PROCESSOR_IDENTIFIER=Intel64 Family 6 Model 140 Stepping 1, GenuineIntel



---------------  S Y S T E M  ---------------

OS: Windows 10 , 64 bit Build 19041 (10.0.19041.1151)

CPU:total 8 (initial active 8) (4 cores per cpu, 2 threads per core) family 6 model 140 stepping 1, cmov, cx8, fxsr, mmx, sse, sse2, sse3, ssse3, sse4.1, sse4.2, popcnt, avx, avx2, aes, clmul, erms, 3dnowpref, lzcnt, ht, tsc, tscinvbit, bmi1, bmi2, adx, evex, sha, fma

Memory: 4k page, system-wide physical 16057M (3146M free)
TotalPageFile size 36537M (AvailPageFile size 6548M)
current process WorkingSet (physical memory assigned to process): 315M, peak: 457M
current process commit charge ("private bytes"): 377M, peak: 617M

vm_info: OpenJDK 64-Bit Server VM (11.0.2+9) for windows-amd64 JRE (11.0.2+9), built on Jan 18 2019 05:23:22 by "mach5one" with MS VC++ 15.5 (VS2017)

END.
